<?xml version="1.0" encoding="UTF-8"?>
<!-- Generated by org.testng.reporters.JUnitXMLReporter -->
<testsuite hostname="Naveen-Mac.local" ignored="2" name="my hub spot test firefox" tests="1" failures="0" timestamp="27 Jul 2019 14:06:17 GMT" time="14.891" errors="0">
  <testcase name="doLoginTest" time="4.332" classname="com.MyTests.LoginTest"/>
  <testcase name="verifyLoginPageHeaderTest" time="0.0" classname="com.MyTests.LoginTest">
    <ignored/>
  </testcase> <!-- verifyLoginPageHeaderTest -->
  <testcase name="verifyLoginPageTitleTest" time="0.0" classname="com.MyTests.LoginTest">
    <ignored/>
  </testcase> <!-- verifyLoginPageTitleTest -->
</testsuite> <!-- my hub spot test firefox -->
