<?xml version="1.0" encoding="UTF-8"?>
<!-- Generated by org.testng.reporters.JUnitXMLReporter -->
<testsuite hostname="Naveen-Mac.local" ignored="0" name="my hub spot test chrome" tests="3" failures="0" timestamp="27 Jul 2019 14:08:21 GMT" time="33.043" errors="0">
  <testcase name="verifyLoginPageTitleTest" time="2.005" classname="com.MyTests.LoginTest"/>
  <testcase name="verifyLoginPageHeaderTest" time="0.489" classname="com.MyTests.LoginTest"/>
  <testcase name="doLoginTest" time="5.857" classname="com.MyTests.LoginTest"/>
</testsuite> <!-- my hub spot test chrome -->
