<?xml version="1.0" encoding="UTF-8"?>
<!-- Generated by org.testng.reporters.JUnitXMLReporter -->
<testsuite hostname="Naveen-Mac.local" ignored="0" name="my hub spot test firefox" tests="3" failures="0" timestamp="27 Jul 2019 14:08:26 GMT" time="34.857" errors="0">
  <testcase name="verifyLoginPageTitleTest" time="0.005" classname="com.MyTests.LoginTest"/>
  <testcase name="verifyLoginPageHeaderTest" time="0.049" classname="com.MyTests.LoginTest"/>
  <testcase name="doLoginTest" time="4.014" classname="com.MyTests.LoginTest"/>
</testsuite> <!-- my hub spot test firefox -->
